c:\users\afonso sá\desktop\afonso\feup\prog\projeto2-master\consoleapplication2\x64\debug\projeto2.pch
c:\users\afonso sá\desktop\afonso\feup\prog\projeto2-master\consoleapplication2\x64\debug\vc141.pdb
c:\users\afonso sá\desktop\afonso\feup\prog\projeto2-master\consoleapplication2\x64\debug\vc141.idb
c:\users\afonso sá\desktop\afonso\feup\prog\projeto2-master\consoleapplication2\x64\debug\stdafx.obj
c:\users\afonso sá\desktop\afonso\feup\prog\projeto2-master\consoleapplication2\x64\debug\board.obj
c:\users\afonso sá\desktop\afonso\feup\prog\projeto2-master\consoleapplication2\x64\debug\dictionary.obj
c:\users\afonso sá\desktop\afonso\feup\prog\projeto2-master\consoleapplication2\x64\debug\projeto2.obj
c:\users\afonso sá\desktop\afonso\feup\prog\projeto2-master\consoleapplication2\x64\debug\menu.obj
c:\users\afonso sá\desktop\afonso\feup\prog\projeto2-master\consoleapplication2\x64\debug\puzzle.obj
c:\users\afonso sá\desktop\afonso\feup\prog\projeto2-master\x64\debug\projeto2.pdb
c:\users\afonso sá\desktop\afonso\feup\prog\projeto2-master\consoleapplication2\x64\debug\projeto2.tlog\cl.command.1.tlog
c:\users\afonso sá\desktop\afonso\feup\prog\projeto2-master\consoleapplication2\x64\debug\projeto2.tlog\cl.read.1.tlog
c:\users\afonso sá\desktop\afonso\feup\prog\projeto2-master\consoleapplication2\x64\debug\projeto2.tlog\cl.write.1.tlog
c:\users\afonso sá\desktop\afonso\feup\prog\projeto2-master\consoleapplication2\x64\debug\projeto2.tlog\link.9036-cvtres.read.1.tlog
c:\users\afonso sá\desktop\afonso\feup\prog\projeto2-master\consoleapplication2\x64\debug\projeto2.tlog\link.9036-cvtres.write.1.tlog
c:\users\afonso sá\desktop\afonso\feup\prog\projeto2-master\consoleapplication2\x64\debug\projeto2.tlog\link.9036-rc.read.1.tlog
c:\users\afonso sá\desktop\afonso\feup\prog\projeto2-master\consoleapplication2\x64\debug\projeto2.tlog\link.9036-rc.write.1.tlog
c:\users\afonso sá\desktop\afonso\feup\prog\projeto2-master\consoleapplication2\x64\debug\projeto2.tlog\link.9036.read.1.tlog
c:\users\afonso sá\desktop\afonso\feup\prog\projeto2-master\consoleapplication2\x64\debug\projeto2.tlog\link.9036.write.1.tlog
c:\users\afonso sá\desktop\afonso\feup\prog\projeto2-master\consoleapplication2\x64\debug\projeto2.tlog\link.command.1.tlog
c:\users\afonso sá\desktop\afonso\feup\prog\projeto2-master\consoleapplication2\x64\debug\projeto2.tlog\link.read.1.tlog
c:\users\afonso sá\desktop\afonso\feup\prog\projeto2-master\consoleapplication2\x64\debug\projeto2.tlog\link.write.1.tlog
